

This is RAxML version 8.2.12 released by Alexandros Stamatakis on May 2018.

With greatly appreciated code contributions by:
Andre Aberer      (HITS)
Simon Berger      (HITS)
Alexey Kozlov     (HITS)
Kassian Kobert    (HITS)
David Dao         (KIT and HITS)
Sarah Lutteropp   (KIT and HITS)
Nick Pattengale   (Sandia)
Wayne Pfeiffer    (SDSC)
Akifumi S. Tanabe (NRIFS)
Charlie Taylor    (UF)


Alignment has 721 distinct alignment patterns

Proportion of gaps and completely undetermined characters in this alignment: 73.98%

RAxML rapid hill-climbing mode

Using 1 distinct models/data partitions with joint branch length optimization


Executing 1 inferences on the original alignment using 1 distinct randomized MP trees

All free model parameters will be estimated by RAxML
GAMMA model of rate heterogeneity, ML estimate of alpha-parameter

GAMMA Model parameters will be estimated up to an accuracy of 0.1000000000 Log Likelihood units

Partition: 0
Alignment Patterns: 721
Name: No Name Provided
DataType: AA
Substitution Matrix: LG
Using fixed base frequencies




RAxML was called as follows:

raxmlHPC-PTHREADS -T 16 -s /jetstream2/scratch/main/jobs/67637942/inputs/dataset_8c8cb86e-5e9e-4579-aeb1-285e82431c26.dat -n galaxy -m PROTGAMMALG -p 1234567890 -N 1 -B 0.03 -c 25 -f D -K GTR -W 100 


Partition: 0 with name: No Name Provided
Base frequencies: 0.079 0.056 0.042 0.053 0.013 0.041 0.072 0.057 0.022 0.062 0.099 0.065 0.023 0.042 0.044 0.061 0.053 0.012 0.034 0.069 

Inference[0]: Time 1519.603546 GAMMA-based likelihood -132114.273227, best rearrangement setting 20
alpha[0]: 1.411320 


Conducting final model optimizations on all 1 trees under GAMMA-based models ....

Inference[0] final GAMMA-based Likelihood: -132114.269545 tree written to file /jetstream2/scratch/main/jobs/67637942/working/RAxML_result.galaxy


Starting final GAMMA-based thorough Optimization on tree 0 likelihood -132114.269545 .... 

Final GAMMA-based Score of best tree -132114.269545


RELL bootstraps written to file /jetstream2/scratch/main/jobs/67637942/working/RAxML_rellBootstrap.galaxy
Program execution info written to /jetstream2/scratch/main/jobs/67637942/working/RAxML_info.galaxy
Best-scoring ML tree written to: /jetstream2/scratch/main/jobs/67637942/working/RAxML_bestTree.galaxy

Overall execution time: 1703.128862 secs or 0.473091 hours or 0.019712 days

